<?xml version="1.0" encoding="UTF-8"?>
<!-- Generated by org.testng.reporters.JUnitReportReporter -->
<testsuite hostname="Sireena-PC" failures="0" tests="3" name="lesson9.MyTestCases" time="0.249" errors="0" timestamp="2024-06-22T23:44:48 EET" skipped="1">
  <testcase classname="lesson9.MyTestCases" name="LoginTest" time="0.192"/>
  <system-out/>
  <testcase classname="lesson9.MyTestCases" name="FindElementThatHasTheTextLab" time="0.057"/>
  <system-out/>
  <testcase classname="lesson9.MyTestCases" name="addAllItems">
    <skipped/>
  </testcase> <!-- addAllItems -->
  <system-out/>
</testsuite> <!-- lesson9.MyTestCases -->
